<?xml version="1.0" encoding="UTF-8"?>
<!-- Generated by org.testng.reporters.JUnitXMLReporter -->
<testsuite hostname="DESKTOP-7N6MLOE" ignored="0" name="Test" tests="1" failures="1" timestamp="08 Oct 2018 07:22:57 GMT" time="149.312" errors="0">
  <testcase name="register" time="149.264" classname="com.citi.automation.framework.testcase.TS001">
    <failure type="java.lang.NullPointerException">
      <![CDATA[java.lang.NullPointerException
at com.citi.automation.framework.reusable.WebDriverHelper.click(WebDriverHelper.java:61)
at com.citi.automation.framework.testcase.TS001.register(TS001.java:18)
... Removed 29 stack frames]]>
    </failure>
  </testcase> <!-- register -->
</testsuite> <!-- Test -->
